<?xml version="1.0" encoding="UTF-8"?>
<!-- Generated by org.testng.reporters.JUnitReportReporter -->
<testsuite hostname="LAPTOP-1VNEVOV1" failures="0" tests="1" name="driverFactory.SuppliersScript" time="40.669" errors="0" timestamp="2024-09-24T10:48:08 IST" skipped="0">
  <testcase classname="driverFactory.SuppliersScript" name="starttest" time="40.669"/>
  <system-out>
    <![CDATA[No of rows are::3
Suppliers Add Success::
Suppliers Add Success::
Suppliers Add Success::]]>
  </system-out>
</testsuite> <!-- driverFactory.SuppliersScript -->
